<?xml version="1.0" encoding="UTF-8" ?>
<testsuite tests="1" failures="0" name="egovframework.guide.helloworld.HelloWorldServiceTest" time="0.005" errors="0" skipped="0">
  <properties>
    <property name="java.runtime.name" value="OpenJDK Runtime Environment"/>
    <property name="sun.boot.library.path" value="C:\eGovFrame-3.8.0\bin\jdk8u202-b08\jre\bin"/>
    <property name="java.vm.version" value="25.202-b08"/>
    <property name="java.vm.vendor" value="Oracle Corporation"/>
    <property name="maven.multiModuleProjectDirectory" value="C:\eGovFrame-3.8.0\workspace.edu\lab103-junit-test-tutor"/>
    <property name="java.vendor.url" value="https://adoptopenjdk.net/"/>
    <property name="path.separator" value=";"/>
    <property name="guice.disable.misplaced.annotation.check" value="true"/>
    <property name="java.vm.name" value="OpenJDK Server VM"/>
    <property name="file.encoding.pkg" value="sun.io"/>
    <property name="user.script" value=""/>
    <property name="user.country" value="KR"/>
    <property name="sun.java.launcher" value="SUN_STANDARD"/>
    <property name="sun.os.patch.level" value=""/>
    <property name="java.vm.specification.name" value="Java Virtual Machine Specification"/>
    <property name="user.dir" value="C:\eGovFrame-3.8.0\workspace.edu\lab103-junit-test-tutor"/>
    <property name="java.runtime.version" value="1.8.0_202-b08"/>
    <property name="java.awt.graphicsenv" value="sun.awt.Win32GraphicsEnvironment"/>
    <property name="java.endorsed.dirs" value="C:\eGovFrame-3.8.0\bin\jdk8u202-b08\jre\lib\endorsed"/>
    <property name="os.arch" value="x86"/>
    <property name="java.io.tmpdir" value="C:\Users\egovwork\AppData\Local\Temp\"/>
    <property name="line.separator" value="
"/>
    <property name="java.vm.specification.vendor" value="Oracle Corporation"/>
    <property name="user.variant" value=""/>
    <property name="os.name" value="Windows 10"/>
    <property name="classworlds.conf" value="C:\eGovFrame-3.8.0\workspace.edu\.metadata\.plugins\org.eclipse.m2e.launching\launches\m2conf4684665694187268099.tmp"/>
    <property name="sun.jnu.encoding" value="MS949"/>
    <property name="java.library.path" value="C:\eGovFrame-3.8.0\bin\jdk8u202-b08\bin;C:\WINDOWS\Sun\Java\bin;C:\WINDOWS\system32;C:\WINDOWS;C:\ProgramData\Oracle\Java\javapath;C:\WINDOWS\system32;C:\WINDOWS;C:\WINDOWS\System32\Wbem;C:\WINDOWS\System32\WindowsPowerShell\v1.0\;C:\WINDOWS\System32\OpenSSH\;C:\HashiCorp\Vagrant\bin;C:\Users\egovwork\AppData\Local\Microsoft\WindowsApps;C:\Program Files\Bandizip\;C:\Program Files (x86)\Kubernetes\Minikube;C:\Program Files (x86)\Google\Cloud SDK\google-cloud-sdk\bin;C:\Program Files (x86)\ePapyrus\PapyrusNtas;C:\Program Files (x86)\ePapyrus\PapyrusNtas\Addins;C:\Users\egovwork\AppData\Local\Microsoft\WindowsApps;C:\Program Files\Bandizip\;;."/>
    <property name="java.specification.name" value="Java Platform API Specification"/>
    <property name="java.class.version" value="52.0"/>
    <property name="sun.management.compiler" value="HotSpot Tiered Compilers"/>
    <property name="os.version" value="10.0"/>
    <property name="user.home" value="C:\Users\egovwork"/>
    <property name="user.timezone" value="Asia/Seoul"/>
    <property name="java.awt.printerjob" value="sun.awt.windows.WPrinterJob"/>
    <property name="java.specification.version" value="1.8"/>
    <property name="file.encoding" value="UTF-8"/>
    <property name="user.name" value="egovwork"/>
    <property name="java.class.path" value="C:\eGovFrame-3.8.0\bin\eclipse\plugins\org.eclipse.m2e.maven.runtime_1.8.3.20180227-2135\jars\plexus-classworlds-2.5.2.jar"/>
    <property name="java.vm.specification.version" value="1.8"/>
    <property name="sun.arch.data.model" value="32"/>
    <property name="java.home" value="C:\eGovFrame-3.8.0\bin\jdk8u202-b08\jre"/>
    <property name="sun.java.command" value="org.codehaus.plexus.classworlds.launcher.Launcher -B -gs C:\eGovFrame-3.8.0\maven\settings.xml -s C:\eGovFrame-3.8.0\maven\settings.xml test"/>
    <property name="java.specification.vendor" value="Oracle Corporation"/>
    <property name="user.language" value="ko"/>
    <property name="awt.toolkit" value="sun.awt.windows.WToolkit"/>
    <property name="java.vm.info" value="mixed mode"/>
    <property name="java.version" value="1.8.0_202"/>
    <property name="java.ext.dirs" value="C:\eGovFrame-3.8.0\bin\jdk8u202-b08\jre\lib\ext;C:\WINDOWS\Sun\Java\lib\ext"/>
    <property name="sun.boot.class.path" value="C:\eGovFrame-3.8.0\bin\jdk8u202-b08\jre\lib\resources.jar;C:\eGovFrame-3.8.0\bin\jdk8u202-b08\jre\lib\rt.jar;C:\eGovFrame-3.8.0\bin\jdk8u202-b08\jre\lib\sunrsasign.jar;C:\eGovFrame-3.8.0\bin\jdk8u202-b08\jre\lib\jsse.jar;C:\eGovFrame-3.8.0\bin\jdk8u202-b08\jre\lib\jce.jar;C:\eGovFrame-3.8.0\bin\jdk8u202-b08\jre\lib\charsets.jar;C:\eGovFrame-3.8.0\bin\jdk8u202-b08\jre\lib\jfr.jar;C:\eGovFrame-3.8.0\bin\jdk8u202-b08\jre\classes"/>
    <property name="java.vendor" value="AdoptOpenJdk"/>
    <property name="maven.home" value="C:\eGovFrame-3.8.0\workspace.edu\lab103-junit-test-tutor\EMBEDDED"/>
    <property name="file.separator" value="\"/>
    <property name="java.vendor.url.bug" value="https://github.com/AdoptOpenJDK/openjdk-build/issues"/>
    <property name="sun.cpu.endian" value="little"/>
    <property name="sun.io.unicode.encoding" value="UnicodeLittle"/>
    <property name="sun.desktop" value="windows"/>
    <property name="sun.cpu.isalist" value="pentium_pro+mmx pentium_pro pentium+mmx pentium i486 i386 i86"/>
  </properties>
  <testcase classname="egovframework.guide.helloworld.HelloWorldServiceTest" name="SayHello" time="0.005"/>
</testsuite>